{"name": "Проверка успешного заказа: заполнение обязательных полей + максимальные значения параметров", "status": "broken", "statusDetails": {"message": "selenium.common.exceptions.TimeoutException: Message: \nStacktrace:\nWebDriverError@chrome://marionette/content/error.js:175:5\nNoSuchElementError@chrome://marionette/content/error.js:387:5\nelement.find/</<@chrome://marionette/content/element.js:343:16", "trace": "self = <tests.test_order_flow.TestOrderPage object at 0x00000232A6087AD0>\ndriver = <selenium.webdriver.firefox.webdriver.WebDriver (session=\"0ebf07e2-e7fe-4685-a59a-6c3d72b6e9cb\")>, agree_with_cookie = None\n\n    @allure.title('Проверка успешного заказа: заполнение обязательных полей + максимальные значения параметров')\n    def test_order_by_main_page_order_button(self, driver, agree_with_cookie):\n        main_page = MainPage(driver)\n        main_page.go_to_order_page_by_main_page_order_button()\n        base_page = BasePage(driver)\n        base_page.wait_until_element_visibility(5, OrderPageLocators.NEXT_BUTTON)\n    \n        order_page = OrderPage(driver)\n        order_page.fill_name(user_2.name)\n        order_page.fill_surame(user_2.surname)\n        order_page.fill_address(user_2.address)\n        order_page.focus_on_input_metro()\n        base_page.wait_until_element_visibility(5, OrderPageLocators.SELECT_METRO)\n        order_page.choose_metro_from_end_of_list()\n        order_page.fill_phone(user_2.phone)\n        order_page.click_on_next_button()\n>       order_page.focus_on_input_date()\n\ntests\\test_order_flow.py:57: \n_ _ _ _ _ _ _ _ _ _ _ _ _ _ _ _ _ _ _ _ _ _ _ _ _ _ _ _ _ _ _ _ _ _ _ _ _ _ _ _ _ _ _ _ _ _ _ _ _ _ _ _ _ _ _ _ _ _ _ _ _ _ _ _ _ _ _ _ _ _ _ _ _ _ _ _ _ _ _ _ _ _ _ _ _ _ _ _ _ _\npages\\order_page.py:43: in focus_on_input_date\n    self.click_on_element(3, OrderPageLocators.INPUT_DATE)\npages\\base_page.py:12: in click_on_element\n    element = WebDriverWait(self.driver, sec).until(expected_conditions.visibility_of_element_located(\n_ _ _ _ _ _ _ _ _ _ _ _ _ _ _ _ _ _ _ _ _ _ _ _ _ _ _ _ _ _ _ _ _ _ _ _ _ _ _ _ _ _ _ _ _ _ _ _ _ _ _ _ _ _ _ _ _ _ _ _ _ _ _ _ _ _ _ _ _ _ _ _ _ _ _ _ _ _ _ _ _ _ _ _ _ _ _ _ _ _\n\nself = <selenium.webdriver.support.wait.WebDriverWait (session=\"0ebf07e2-e7fe-4685-a59a-6c3d72b6e9cb\")>\nmethod = <function visibility_of_element_located.<locals>._predicate at 0x00000232A663E840>, message = ''\n\n    def until(self, method, message: str = \"\"):\n        \"\"\"Calls the method provided with the driver as an argument until the \\\n        return value does not evaluate to ``False``.\n    \n        :param method: callable(WebDriver)\n        :param message: optional message for :exc:`TimeoutException`\n        :returns: the result of the last call to `method`\n        :raises: :exc:`selenium.common.exceptions.TimeoutException` if timeout occurs\n        \"\"\"\n        screen = None\n        stacktrace = None\n    \n        end_time = time.monotonic() + self._timeout\n        while True:\n            try:\n                value = method(self._driver)\n                if value:\n                    return value\n            except self._ignored_exceptions as exc:\n                screen = getattr(exc, \"screen\", None)\n                stacktrace = getattr(exc, \"stacktrace\", None)\n            time.sleep(self._poll)\n            if time.monotonic() > end_time:\n                break\n>       raise TimeoutException(message, screen, stacktrace)\nE       selenium.common.exceptions.TimeoutException: Message: \nE       Stacktrace:\nE       WebDriverError@chrome://marionette/content/error.js:175:5\nE       NoSuchElementError@chrome://marionette/content/error.js:387:5\nE       element.find/</<@chrome://marionette/content/element.js:343:16\n\nvenv\\Lib\\site-packages\\selenium\\webdriver\\support\\wait.py:95: TimeoutException"}, "steps": [{"name": "Переходим на страницу заказа при клике на кнопку \"Заказать\" на главной стр.", "status": "passed", "steps": [{"name": "Ожидаем, пока элемент становится видимым, и кликаем на него", "status": "passed", "parameters": [{"name": "sec", "value": "3"}, {"name": "element_locator", "value": "('xpath', '//*[contains(@class,\"FinishButton\")]//button[text()=\"Заказать\"]')"}], "start": 1697972157685, "stop": 1697972157947}], "start": 1697972157685, "stop": 1697972157947}, {"name": "Ждем, пока указанный элемент станет видимым", "status": "passed", "parameters": [{"name": "sec", "value": "5"}, {"name": "element_locator", "value": "('xpath', '//button[text()=\"Далее\"]')"}], "start": 1697972157947, "stop": 1697972157964}, {"name": "Заполняем имя в инпуте \"Имя\"", "status": "passed", "steps": [{"name": "Записываем значение в поле", "status": "passed", "parameters": [{"name": "element_locator", "value": "('xpath', '//input[@placeholder=\"* Имя\"]')"}, {"name": "value", "value": "'СергейСергейСергей'"}], "start": 1697972157964, "stop": 1697972158039}], "parameters": [{"name": "name", "value": "'СергейСергейСергей'"}], "start": 1697972157964, "stop": 1697972158039}, {"name": "Заполняем фамилию в инпуте \"Фамилия\"", "status": "passed", "steps": [{"name": "Записываем значение в поле", "status": "passed", "parameters": [{"name": "element_locator", "value": "('xpath', '//input[@placeholder=\"* Фамилия\"]')"}, {"name": "value", "value": "'ПетровПетровПетров'"}], "start": 1697972158039, "stop": 1697972158091}], "parameters": [{"name": "surname", "value": "'ПетровПетровПетров'"}], "start": 1697972158039, "stop": 1697972158091}, {"name": "Заполняем адрес в инпуте \"Адрес..\"", "status": "passed", "steps": [{"name": "Записываем значение в поле", "status": "passed", "parameters": [{"name": "element_locator", "value": "('xpath', '//input[contains(@placeholder,\"Адрес\")]')"}, {"name": "value", "value": "'Москва, проспект Мира,  д. 61, вход со стороны ул'"}], "start": 1697972158091, "stop": 1697972158182}], "parameters": [{"name": "address", "value": "'Москва, проспект Мира,  д. 61, вход со стороны ул'"}], "start": 1697972158091, "stop": 1697972158182}, {"name": "Устанавливаем фокус в инпуте \"Станция метро\"", "status": "passed", "steps": [{"name": "Ожидаем, пока элемент становится видимым, и кликаем на него", "status": "passed", "parameters": [{"name": "sec", "value": "3"}, {"name": "element_locator", "value": "('class name', 'select-search__input')"}], "start": 1697972158182, "stop": 1697972158464}], "start": 1697972158182, "stop": 1697972158464}, {"name": "Ждем, пока указанный элемент станет видимым", "status": "passed", "parameters": [{"name": "sec", "value": "5"}, {"name": "element_locator", "value": "('class name', 'select-search__options')"}], "start": 1697972158465, "stop": 1697972158483}, {"name": "Выбираем метро из последних станций выпадающего списка метро (после скролла)", "status": "passed", "steps": [{"name": "Ищем элемент, ожидая, пока он становится видимым", "status": "passed", "parameters": [{"name": "sec", "value": "3"}, {"name": "element_locator", "value": "('xpath', '//li[@data-index=\"216\"]')"}], "start": 1697972158483, "stop": 1697972158499}, {"name": "Делаем скролл до нужного элемента", "status": "passed", "parameters": [{"name": "element", "value": "<selenium.webdriver.remote.webelement.WebElement (session=\"0ebf07e2-e7fe-4685-a59a-6c3d72b6e9cb\", element=\"24558d9c-d4f1-4751-a4d1-deb1321d626e\")>"}], "start": 1697972158499, "stop": 1697972158503}, {"name": "Ожидаем, пока элемент становится видимым, и кликаем на него", "status": "passed", "parameters": [{"name": "sec", "value": "3"}, {"name": "element_locator", "value": "('xpath', '//li[@data-index=\"216\"]')"}], "start": 1697972158503, "stop": 1697972159240}], "start": 1697972158483, "stop": 1697972159240}, {"name": "Заполняем телефон в инпуте \"Телефон..\"", "status": "passed", "steps": [{"name": "Записываем значение в поле", "status": "passed", "parameters": [{"name": "element_locator", "value": "('xpath', '//input[contains(@placeholder,\"Телефон\")]')"}, {"name": "value", "value": "'+1234567890123'"}], "start": 1697972159240, "stop": 1697972159277}], "parameters": [{"name": "phone", "value": "'+1234567890123'"}], "start": 1697972159240, "stop": 1697972159277}, {"name": "Переходим ко второй части формы заказа кликом на кнопку \"Далее\"", "status": "passed", "steps": [{"name": "Ожидаем, пока элемент становится видимым, и кликаем на него", "status": "passed", "parameters": [{"name": "sec", "value": "3"}, {"name": "element_locator", "value": "('xpath', '//button[text()=\"Далее\"]')"}], "start": 1697972159277, "stop": 1697972159518}], "start": 1697972159277, "stop": 1697972159518}, {"name": "Устанавливаем фокус в инпуте \"Когда привезти самокат\"", "status": "broken", "statusDetails": {"message": "selenium.common.exceptions.TimeoutException: Message: \nStacktrace:\nWebDriverError@chrome://marionette/content/error.js:175:5\nNoSuchElementError@chrome://marionette/content/error.js:387:5\nelement.find/</<@chrome://marionette/content/element.js:343:16\n\n", "trace": "  File \"C:\\Users\\Superuser\\PycharmProjects\\Sprint_6\\venv\\Lib\\site-packages\\allure_commons\\_allure.py\", line 192, in impl\n    return func(*a, **kw)\n           ^^^^^^^^^^^^^^\n  File \"C:\\Users\\Superuser\\PycharmProjects\\Sprint_6\\pages\\order_page.py\", line 43, in focus_on_input_date\n    self.click_on_element(3, OrderPageLocators.INPUT_DATE)\n  File \"C:\\Users\\Superuser\\PycharmProjects\\Sprint_6\\venv\\Lib\\site-packages\\allure_commons\\_allure.py\", line 192, in impl\n    return func(*a, **kw)\n           ^^^^^^^^^^^^^^\n  File \"C:\\Users\\Superuser\\PycharmProjects\\Sprint_6\\pages\\base_page.py\", line 12, in click_on_element\n    element = WebDriverWait(self.driver, sec).until(expected_conditions.visibility_of_element_located(\n              ^^^^^^^^^^^^^^^^^^^^^^^^^^^^^^^^^^^^^^^^^^^^^^^^^^^^^^^^^^^^^^^^^^^^^^^^^^^^^^^^^^^^^^^^\n  File \"C:\\Users\\Superuser\\PycharmProjects\\Sprint_6\\venv\\Lib\\site-packages\\selenium\\webdriver\\support\\wait.py\", line 95, in until\n    raise TimeoutException(message, screen, stacktrace)\n"}, "steps": [{"name": "Ожидаем, пока элемент становится видимым, и кликаем на него", "status": "broken", "statusDetails": {"message": "selenium.common.exceptions.TimeoutException: Message: \nStacktrace:\nWebDriverError@chrome://marionette/content/error.js:175:5\nNoSuchElementError@chrome://marionette/content/error.js:387:5\nelement.find/</<@chrome://marionette/content/element.js:343:16\n\n", "trace": "  File \"C:\\Users\\Superuser\\PycharmProjects\\Sprint_6\\venv\\Lib\\site-packages\\allure_commons\\_allure.py\", line 192, in impl\n    return func(*a, **kw)\n           ^^^^^^^^^^^^^^\n  File \"C:\\Users\\Superuser\\PycharmProjects\\Sprint_6\\pages\\base_page.py\", line 12, in click_on_element\n    element = WebDriverWait(self.driver, sec).until(expected_conditions.visibility_of_element_located(\n              ^^^^^^^^^^^^^^^^^^^^^^^^^^^^^^^^^^^^^^^^^^^^^^^^^^^^^^^^^^^^^^^^^^^^^^^^^^^^^^^^^^^^^^^^\n  File \"C:\\Users\\Superuser\\PycharmProjects\\Sprint_6\\venv\\Lib\\site-packages\\selenium\\webdriver\\support\\wait.py\", line 95, in until\n    raise TimeoutException(message, screen, stacktrace)\n"}, "parameters": [{"name": "sec", "value": "3"}, {"name": "element_locator", "value": "('xpath', '//input[@placeholder=\"* Когда привезти самокат\"]')"}], "start": 1697972159518, "stop": 1697972162546}], "start": 1697972159518, "stop": 1697972162547}], "start": 1697972157685, "stop": 1697972162548, "uuid": "f5991068-4624-4beb-9a47-4f285c938dab", "historyId": "c02bee31656e1da0a3e006a03b652da0", "testCaseId": "c02bee31656e1da0a3e006a03b652da0", "fullName": "tests.test_order_flow.TestOrderPage#test_order_by_main_page_order_button", "labels": [{"name": "parentSuite", "value": "tests"}, {"name": "suite", "value": "test_order_flow"}, {"name": "subSuite", "value": "TestOrderPage"}, {"name": "host", "value": "WKS-084"}, {"name": "thread", "value": "17504-MainThread"}, {"name": "framework", "value": "pytest"}, {"name": "language", "value": "cpython3"}, {"name": "package", "value": "tests.test_order_flow"}]}