{"name": "Проверка работы выпадающего списка вопросов в блоке \"Вопросы о важном\"", "status": "broken", "statusDetails": {"message": "selenium.common.exceptions.ElementClickInterceptedException: Message: Element <div id=\"accordion__heading-3\" class=\"accordion__button\"> is not clickable at point (953,649) because another element <img src=\"/assets/scooter.png\"> obscures it\nStacktrace:\nWebDriverError@chrome://marionette/content/error.js:175:5\nElementClickInterceptedError@chrome://marionette/content/error.js:274:5\nwebdriverClickElement@chrome://marionette/content/interaction.js:178:11\ninteraction.clickElement@chrome://marionette/content/interaction.js:140:11\nclickElement/<@chrome://marionette/content/listener.js:1320:28\nnavigate/<@chrome://marionette/content/listener.js:449:13\nnavigate@chrome://marionette/content/listener.js:450:7\nclickElement@chrome://marionette/content/listener.js:1318:18", "trace": "self = <tests.test_main_page.TestMainPage object at 0x00000232A60861B0>, driver = <selenium.webdriver.firefox.webdriver.WebDriver (session=\"d7083aac-5673-473b-b126-a1167bba56ca\")>\nagree_with_cookie = None, num = 3, e_result = 'Только начиная с завтрашнего дня. Но скоро станем расторопнее.'\n\n    @allure.title('Проверка работы выпадающего списка вопросов в блоке \"Вопросы о важном\"')\n    @pytest.mark.parametrize(\n        'num, e_result',\n        [(0, FaqAnswers.answer_0),\n         (1, FaqAnswers.answer_1),\n         (2, FaqAnswers.answer_2),\n         (3, FaqAnswers.answer_3),\n         (4, FaqAnswers.answer_4),\n         (5, FaqAnswers.answer_5),\n         (6, FaqAnswers.answer_6),\n         (7, FaqAnswers.answer_7)]\n    )\n    def test_faq(self, driver, agree_with_cookie, num, e_result):\n        main_page = MainPage(driver)\n>       main_page.click_on_question(num)\n\ntests\\test_main_page.py:23: \n_ _ _ _ _ _ _ _ _ _ _ _ _ _ _ _ _ _ _ _ _ _ _ _ _ _ _ _ _ _ _ _ _ _ _ _ _ _ _ _ _ _ _ _ _ _ _ _ _ _ _ _ _ _ _ _ _ _ _ _ _ _ _ _ _ _ _ _ _ _ _ _ _ _ _ _ _ _ _ _ _ _ _ _ _ _ _ _ _ _\npages\\main_page.py:12: in click_on_question\n    self.click_on_element(3, (method, locator))\npages\\base_page.py:14: in click_on_element\n    element.click()\nvenv\\Lib\\site-packages\\selenium\\webdriver\\remote\\webelement.py:93: in click\n    self._execute(Command.CLICK_ELEMENT)\nvenv\\Lib\\site-packages\\selenium\\webdriver\\remote\\webelement.py:394: in _execute\n    return self._parent.execute(command, params)\nvenv\\Lib\\site-packages\\selenium\\webdriver\\remote\\webdriver.py:344: in execute\n    self.error_handler.check_response(response)\n_ _ _ _ _ _ _ _ _ _ _ _ _ _ _ _ _ _ _ _ _ _ _ _ _ _ _ _ _ _ _ _ _ _ _ _ _ _ _ _ _ _ _ _ _ _ _ _ _ _ _ _ _ _ _ _ _ _ _ _ _ _ _ _ _ _ _ _ _ _ _ _ _ _ _ _ _ _ _ _ _ _ _ _ _ _ _ _ _ _\n\nself = <selenium.webdriver.remote.errorhandler.ErrorHandler object at 0x00000232A65D7380>\nresponse = {'status': 400, 'value': '{\"value\":{\"error\":\"element click intercepted\",\"message\":\"Element <div id=\\\\\"accordion__headi...te@chrome://marionette/content/listener.js:450:7\\\\nclickElement@chrome://marionette/content/listener.js:1318:18\\\\n\"}}'}\n\n    def check_response(self, response: Dict[str, Any]) -> None:\n        \"\"\"Checks that a JSON response from the WebDriver does not have an\n        error.\n    \n        :Args:\n         - response - The JSON response from the WebDriver server as a dictionary\n           object.\n    \n        :Raises: If the response contains an error message.\n        \"\"\"\n        status = response.get(\"status\", None)\n        if not status or status == ErrorCode.SUCCESS:\n            return\n        value = None\n        message = response.get(\"message\", \"\")\n        screen: str = response.get(\"screen\", \"\")\n        stacktrace = None\n        if isinstance(status, int):\n            value_json = response.get(\"value\", None)\n            if value_json and isinstance(value_json, str):\n                import json\n    \n                try:\n                    value = json.loads(value_json)\n                    if len(value) == 1:\n                        value = value[\"value\"]\n                    status = value.get(\"error\", None)\n                    if not status:\n                        status = value.get(\"status\", ErrorCode.UNKNOWN_ERROR)\n                        message = value.get(\"value\") or value.get(\"message\")\n                        if not isinstance(message, str):\n                            value = message\n                            message = message.get(\"message\")\n                    else:\n                        message = value.get(\"message\", None)\n                except ValueError:\n                    pass\n    \n        exception_class: Type[WebDriverException]\n        e = ErrorCode()\n        error_codes = [item for item in dir(e) if not item.startswith(\"__\")]\n        for error_code in error_codes:\n            error_info = getattr(ErrorCode, error_code)\n            if isinstance(error_info, list) and status in error_info:\n                exception_class = getattr(ExceptionMapping, error_code, WebDriverException)\n                break\n        else:\n            exception_class = WebDriverException\n    \n        if not value:\n            value = response[\"value\"]\n        if isinstance(value, str):\n            raise exception_class(value)\n        if message == \"\" and \"message\" in value:\n            message = value[\"message\"]\n    \n        screen = None  # type: ignore[assignment]\n        if \"screen\" in value:\n            screen = value[\"screen\"]\n    \n        stacktrace = None\n        st_value = value.get(\"stackTrace\") or value.get(\"stacktrace\")\n        if st_value:\n            if isinstance(st_value, str):\n                stacktrace = st_value.split(\"\\n\")\n            else:\n                stacktrace = []\n                try:\n                    for frame in st_value:\n                        line = frame.get(\"lineNumber\", \"\")\n                        file = frame.get(\"fileName\", \"<anonymous>\")\n                        if line:\n                            file = f\"{file}:{line}\"\n                        meth = frame.get(\"methodName\", \"<anonymous>\")\n                        if \"className\" in frame:\n                            meth = f\"{frame['className']}.{meth}\"\n                        msg = \"    at %s (%s)\"\n                        msg = msg % (meth, file)\n                        stacktrace.append(msg)\n                except TypeError:\n                    pass\n        if exception_class == UnexpectedAlertPresentException:\n            alert_text = None\n            if \"data\" in value:\n                alert_text = value[\"data\"].get(\"text\")\n            elif \"alert\" in value:\n                alert_text = value[\"alert\"].get(\"text\")\n            raise exception_class(message, screen, stacktrace, alert_text)  # type: ignore[call-arg]  # mypy is not smart enough here\n>       raise exception_class(message, screen, stacktrace)\nE       selenium.common.exceptions.ElementClickInterceptedException: Message: Element <div id=\"accordion__heading-3\" class=\"accordion__button\"> is not clickable at point (953,649) because another element <img src=\"/assets/scooter.png\"> obscures it\nE       Stacktrace:\nE       WebDriverError@chrome://marionette/content/error.js:175:5\nE       ElementClickInterceptedError@chrome://marionette/content/error.js:274:5\nE       webdriverClickElement@chrome://marionette/content/interaction.js:178:11\nE       interaction.clickElement@chrome://marionette/content/interaction.js:140:11\nE       clickElement/<@chrome://marionette/content/listener.js:1320:28\nE       navigate/<@chrome://marionette/content/listener.js:449:13\nE       navigate@chrome://marionette/content/listener.js:450:7\nE       clickElement@chrome://marionette/content/listener.js:1318:18\n\nvenv\\Lib\\site-packages\\selenium\\webdriver\\remote\\errorhandler.py:229: ElementClickInterceptedException"}, "steps": [{"name": "Кликаем поочередно на вопросы в блоке \"Вопросы о важном\"", "status": "broken", "statusDetails": {"message": "selenium.common.exceptions.ElementClickInterceptedException: Message: Element <div id=\"accordion__heading-3\" class=\"accordion__button\"> is not clickable at point (953,649) because another element <img src=\"/assets/scooter.png\"> obscures it\nStacktrace:\nWebDriverError@chrome://marionette/content/error.js:175:5\nElementClickInterceptedError@chrome://marionette/content/error.js:274:5\nwebdriverClickElement@chrome://marionette/content/interaction.js:178:11\ninteraction.clickElement@chrome://marionette/content/interaction.js:140:11\nclickElement/<@chrome://marionette/content/listener.js:1320:28\nnavigate/<@chrome://marionette/content/listener.js:449:13\nnavigate@chrome://marionette/content/listener.js:450:7\nclickElement@chrome://marionette/content/listener.js:1318:18\n\n", "trace": "  File \"C:\\Users\\Superuser\\PycharmProjects\\Sprint_6\\venv\\Lib\\site-packages\\allure_commons\\_allure.py\", line 192, in impl\n    return func(*a, **kw)\n           ^^^^^^^^^^^^^^\n  File \"C:\\Users\\Superuser\\PycharmProjects\\Sprint_6\\pages\\main_page.py\", line 12, in click_on_question\n    self.click_on_element(3, (method, locator))\n  File \"C:\\Users\\Superuser\\PycharmProjects\\Sprint_6\\venv\\Lib\\site-packages\\allure_commons\\_allure.py\", line 192, in impl\n    return func(*a, **kw)\n           ^^^^^^^^^^^^^^\n  File \"C:\\Users\\Superuser\\PycharmProjects\\Sprint_6\\pages\\base_page.py\", line 14, in click_on_element\n    element.click()\n  File \"C:\\Users\\Superuser\\PycharmProjects\\Sprint_6\\venv\\Lib\\site-packages\\selenium\\webdriver\\remote\\webelement.py\", line 93, in click\n    self._execute(Command.CLICK_ELEMENT)\n  File \"C:\\Users\\Superuser\\PycharmProjects\\Sprint_6\\venv\\Lib\\site-packages\\selenium\\webdriver\\remote\\webelement.py\", line 394, in _execute\n    return self._parent.execute(command, params)\n           ^^^^^^^^^^^^^^^^^^^^^^^^^^^^^^^^^^^^^\n  File \"C:\\Users\\Superuser\\PycharmProjects\\Sprint_6\\venv\\Lib\\site-packages\\selenium\\webdriver\\remote\\webdriver.py\", line 344, in execute\n    self.error_handler.check_response(response)\n  File \"C:\\Users\\Superuser\\PycharmProjects\\Sprint_6\\venv\\Lib\\site-packages\\selenium\\webdriver\\remote\\errorhandler.py\", line 229, in check_response\n    raise exception_class(message, screen, stacktrace)\n"}, "steps": [{"name": "Ожидаем, пока элемент становится видимым, и кликаем на него", "status": "broken", "statusDetails": {"message": "selenium.common.exceptions.ElementClickInterceptedException: Message: Element <div id=\"accordion__heading-3\" class=\"accordion__button\"> is not clickable at point (953,649) because another element <img src=\"/assets/scooter.png\"> obscures it\nStacktrace:\nWebDriverError@chrome://marionette/content/error.js:175:5\nElementClickInterceptedError@chrome://marionette/content/error.js:274:5\nwebdriverClickElement@chrome://marionette/content/interaction.js:178:11\ninteraction.clickElement@chrome://marionette/content/interaction.js:140:11\nclickElement/<@chrome://marionette/content/listener.js:1320:28\nnavigate/<@chrome://marionette/content/listener.js:449:13\nnavigate@chrome://marionette/content/listener.js:450:7\nclickElement@chrome://marionette/content/listener.js:1318:18\n\n", "trace": "  File \"C:\\Users\\Superuser\\PycharmProjects\\Sprint_6\\venv\\Lib\\site-packages\\allure_commons\\_allure.py\", line 192, in impl\n    return func(*a, **kw)\n           ^^^^^^^^^^^^^^\n  File \"C:\\Users\\Superuser\\PycharmProjects\\Sprint_6\\pages\\base_page.py\", line 14, in click_on_element\n    element.click()\n  File \"C:\\Users\\Superuser\\PycharmProjects\\Sprint_6\\venv\\Lib\\site-packages\\selenium\\webdriver\\remote\\webelement.py\", line 93, in click\n    self._execute(Command.CLICK_ELEMENT)\n  File \"C:\\Users\\Superuser\\PycharmProjects\\Sprint_6\\venv\\Lib\\site-packages\\selenium\\webdriver\\remote\\webelement.py\", line 394, in _execute\n    return self._parent.execute(command, params)\n           ^^^^^^^^^^^^^^^^^^^^^^^^^^^^^^^^^^^^^\n  File \"C:\\Users\\Superuser\\PycharmProjects\\Sprint_6\\venv\\Lib\\site-packages\\selenium\\webdriver\\remote\\webdriver.py\", line 344, in execute\n    self.error_handler.check_response(response)\n  File \"C:\\Users\\Superuser\\PycharmProjects\\Sprint_6\\venv\\Lib\\site-packages\\selenium\\webdriver\\remote\\errorhandler.py\", line 229, in check_response\n    raise exception_class(message, screen, stacktrace)\n"}, "parameters": [{"name": "sec", "value": "3"}, {"name": "element_locator", "value": "('xpath', '//*[@id=\"accordion__heading-3\"]')"}], "start": 1697972067274, "stop": 1697972067301}], "parameters": [{"name": "num", "value": "3"}], "start": 1697972067274, "stop": 1697972067302}], "parameters": [{"name": "num", "value": "3"}, {"name": "e_result", "value": "'Только начиная с завтрашнего дня. Но скоро станем расторопнее.'"}], "start": 1697972067274, "stop": 1697972067303, "uuid": "220f7512-63c4-4cc8-8839-66cba256890b", "historyId": "89f3639684d9f02c662b4d11f67ef0d9", "testCaseId": "26b62a69a8c010fb35a11f7dd997a030", "fullName": "tests.test_main_page.TestMainPage#test_faq", "labels": [{"name": "parentSuite", "value": "tests"}, {"name": "suite", "value": "test_main_page"}, {"name": "subSuite", "value": "TestMainPage"}, {"name": "host", "value": "WKS-084"}, {"name": "thread", "value": "17504-MainThread"}, {"name": "framework", "value": "pytest"}, {"name": "language", "value": "cpython3"}, {"name": "package", "value": "tests.test_main_page"}]}